10045:
3.55810589569
10046:
2.67873130203
2.38639618617
2.06740060375
10047:
3.96405743752
4.52421040598
4.08559589906
4.26863797025
4.49687135458
3.35238717632
4.22214449125
3.94230331552
10048:
2.91965704296
3.33695027604
3.11758506913
2.89305461313
3.53101235431
3.9736640116
3.30537132867
10049:
2.14225839727
1.72800718954
1.92969116813
1005:
3.18510987371
3.05403699922
2.80011555768
2.55873624734
3.08254577115
3.34087910448
3.08254577115
2.63438810191
3.41587910448
3.04087910448
2.98730767591
2.66587910448
2.76689951264
10050:
2.74541794872
2.60788548119
3.13929020421
2.64559338732
3.24383900135
2.24025311356
10051:
3.0924712305
2.9924712305
2.81256692428
3.7924712305
3.1789949671
3.36040371995
3.07145353138
4.12580456383
3.49569703695
1.90016353819
3.27302678606
4.15061076538
3.43691567494
3.77104265907
3.49013803361
4.30868744672
3.22405017787
3.1100768643
3.41336675289
4.2951739332
3.13093276896
10052:
3.28524906995
3.28710030779
3.43053939116
2.76653406847
3.0897663917
10053:
3.57837650432
3.8849641196
3.36891473688
3.38720815887
4.25163078627
3.7573779127
3.66829745293
4.19607523071
3.93111796575
5.0
4.1849641196
3.69982898446
4.00614638561
3.96334249798
4.36082618857
3.5249641196
3.80679510552
3.16043581771
3.9862246238
3.41149473184
3.305604689
3.69754690106
4.10135756222
4.22289515408
3.67264184472
4.01353554817
3.71539890221
4.5217457288
4.60670325003
4.02614059019
3.35282126246
3.196877477
4.9599641196
3.52221108316
3.72326199194
4.0849641196
4.02614059019
3.81346152893
3.70565377477
3.91040790658
3.02940856404
3.80718634182
3.83864059019
4.45569582692
4.02614059019
3.59009232473
4.41829745293
3.60730088936
4.1849641196
4.51353554817
3.3505891196
3.52979170581
4.36798298752
3.85763492705
4.0730593577
3.86874790338
3.5107453696
3.92367379702
3.46349519305
3.41407804365
4.57476003797
3.51539890221
3.49293957972
3.90470660887
4.2849641196
3.60670325003
4.12039719047
3.40972296204
10054:
2.93390720721
2.93103364399
2.73551848616
2.77457191884
2.44337690418
2.90826618157
1.85740447497
3.05878983631
3.16197738265
3.53390720721
2.26724054054
2.9027960961
10055:
3.91975579957
3.48584775359
3.63672238916
3.86350732806
3.83485765458
3.67371757608
4.06918108692
3.59021668563
3.44612812742
3.14428495397
3.95385723226
2.80402957177
3.23584775359
3.8253046226
3.09948411723
2.38290657712
3.0215620393
3.69418108692
3.72268985885
2.91766593541
3.59823307469
3.14610416385
3.48584775359
3.39299061073
3.65251442026
3.68933612568
3.24648605146
3.48994611425
2.97268985885
4.01671942429
3.61646790863
3.56918108692
3.17405000078
3.50238471857
3.49008504173
3.1506625684
3.60251442026
3.38840900081
4.01886662151
3.6220752985
3.7715620393
2.66836309101
3.30106514489
3.73214404989
2.42402880975
3.79671731881
3.61720368579
3.2303532481
2.61308560525
2.95872165388
3.11410862316
3.62781086294
3.27179546601
2.68955145729
3.23584775359
3.45603123983
3.62870489645
2.6932945621
3.35489537264
3.66441918216
3.26060022884
2.59738621513
3.73584775359
3.75507852282
3.29381876808
3.26216354306
3.29242973973
2.97508220335
3.29367088284
3.59027813334
3.03314505089
2.84233490169
3.59482211256
3.87603466948
2.70344034618
3.0372176166
3.3181262346
3.21145750969
3.461169642
10056:
1.66907184204
3.26038729542
3.49860443139
3.82006899303
2.88600305897
3.48160745457
3.58098375395
10057:
2.66839157203
2.85219502971
2.64189928497
3.40005180369
3.22910585774
2.71119643414
10058:
2.85168322111
3.34113850267
10059:
1.18022303523
1006:
4.20973042172
4.35152276859
3.60068970399
4.49354684684
4.35625667898
4.25698770706
4.18987453046
5.0
4.17021351351
4.09828690801
3.81021351351
3.79331210506
4.22976238569
4.49294732646
4.71021351351
3.87583474391
4.80196609083
5.0
4.75674816698
4.69592779922
3.84270296499
3.2748115389
4.08174636023
3.85723338106
3.85465795795
4.33878494208
3.90196268843
3.93838252759
4.18799129129
4.9908586748
10060:
2.74850313777
2.61395768322
3.98513415381
2.79205654254
2.49395768322
2.60645768322
3.16352290061
3.43681482608
3.84893150521
10061:
3.70141932883
3.99246210957
4.92984090725
4.12640603802
4.5596943871
4.61051023792
5.0
4.31354054095
4.63020720761
4.31354054095
5.0
4.38600430906
3.78973101714
3.94687387428
4.53020720761
4.76995079736
4.68533541274
5.0
4.25575336688
4.07384016641
4.30769258773
5.0
3.71016501352
4.39661746402
4.23121122368
4.95159085541
4.80187387428
4.87187387428
4.08349359259
3.95665648298
5.0
4.46188727911
4.09062387428
4.27807954804
4.62852525043
4.70242942984
4.60520720761
3.87752637807
5.0
4.58277131018
5.0
4.38837047292
4.55298415744
5.0
4.548593776
4.81105297876
4.9298927422
4.58437387428
5.0
4.44687387428
4.13198025726
4.44410217479
4.04941624716
4.50401673142
5.0
4.94419453115
4.74872572613
4.95122170037
4.07544530285
3.27187387428
4.02465165206
4.35791618594
4.45416554095
4.66115958857
4.39835316422
3.88367628755
3.85841233582
5.0
4.31354054095
5.0
4.11807806276
4.13160669871
5.0
4.62306435047
4.17235518798
5.0
4.5627897902
4.67126411818
4.05596478337
4.43794892499
4.6819883781
4.47281244083
4.46535572246
4.34264467919
3.86157975663
4.10170253472
4.92263145004
4.80528971586
4.43258815999
4.56011588341
4.67628563899
4.24523453002
5.0
5.0
4.39159556334
4.70242942984
5.0
4.17737785306
5.0
5.0
4.0565124285
4.29993509877
4.03043551812
5.0
4.64687387428
3.31354054095
3.8386546962
4.14143909167
5.0
4.77526893601
3.93603050079
3.51946074687
4.21830244571
4.29514973635
4.3065124285
4.20583613843
5.0
4.80312387428
4.21783096999
3.35494045559
4.42601497857
3.78246709462
4.41003176902
4.55943349272
4.47614216696
4.79321533769
4.34359518576
4.02187387428
4.61461580976
4.31354054095
4.45456618197
4.00213703217
4.81125743592
5.0
4.62646571101
5.0
5.0
4.37494404972
4.44139442223
4.00687387428
4.2645209331
4.11336180994
4.10520720761
4.61342905823
4.41354054095
4.66960114701
4.75401673142
4.52687387428
4.64687387428
5.0
5.0
10062:
2.74092594142
3.24547139597
10063:
3.7009022581
3.676344159
3.89777273042
4.06622511138
4.7279146815
4.4169764775
4.77727583601
4.67872511138
2.78983622249
3.80296753562
4.07872511138
4.64387662653
4.40397763663
4.08865418939
10064:
2.11303969717
2.79478483617
3.21436346993
10065:
3.11330714286
3.19822750297
2.86571098901
2.1649179676
3.4774518797
3.51955714286
2.3767
2.3831935065
2.10382680578
2.63583621263
2.12751168831
2.52881640212
2.97279455293
3.85289047619
3.47410259741
3.11955714286
2.73816179402
3.22326084656
3.54228441559
3.3810956044
2.54553116883
2.9219797539
2.44428832566
2.51955714286
3.57823684946
3.18622380953
2.75639924812
3.42600875576
2.20040820669
2.82724945055
2.39834502165
2.01032487853
2.8767
2.53494175824
2.35523789403
3.58773896104
10066:
2.70329313726
3.19287647059
2.71199960492
2.61550347594
2.87951184608
10067:
3.11232087484
3.43698368794
4.29930252852
3.5438964003
3.50094765191
3.33859011365
3.15839488016
10068:
3.74779156169
4.26069016509
3.60523146853
4.13977692308
2.9512497913
4.09448766688
10069:
2.55507626854
1.86691168232
2.24555245902
1007:
3.08697253669
2.78817373789
4.13141698113
3.03141698113
3.40669788001
10070:
2.40046576577
1.48486694491
1.24184285714
10071:
3.79866644557
3.94362959053
3.85111399802
4.82269655559
4.31410383837
3.93602362391
4.14917149608
4.12661257352
4.40068664759
4.38957553648
4.00585460625
4.54235331426
3.89326104017
4.18409608443
3.52818939787
4.41485643536
4.00829304081
4.38957553648
3.64671839362
4.29866644557
4.12290886981
10072:
4.16999768335
4.3698268016
4.32243611889
4.68306483398
3.70683978861
4.31272214155
3.74046047827
4.4157286775
4.83065909046
3.52925358171
4.50683978861
5.0
4.87408116792
3.85683978861
4.61416579594
4.51883978861
4.14969693147
4.33898264575
4.42735260912
4.12683978861
3.18482143999
4.37028064883
5.0
4.62214591106
4.01709619887
3.77350645528
4.4461255029
3.76068594246
3.7960289778
4.70035123899
4.05876286553
4.71795089972
4.44513766095
4.47047615225
3.9733406178
4.97826836004
3.68009986187
4.87350645528
4.16239534417
4.75683978861
4.27966300761
3.91218330006
4.24894505177
5.0
4.14017312194
3.63423704888
3.91222901017
4.12857891904
4.50869655254
4.08528806447
3.95869164046
4.58490996405
3.92942043377
4.51577148738
3.93190865913
3.76473452545
3.65229433406
5.0
3.86398264575
3.69858290788
4.35819113996
4.27683978861
4.98183978861
4.34821909895
4.48683978861
3.43933560101
4.10683978861
5.0
5.0
4.80683978861
4.35683978861
4.34213390626
3.69774887952
4.41329140151
10073:
3.42905336781
3.23674337201
3.06880352956
3.38893263754
3.44580800758
3.72620741232
3.04201234769
2.65656084267
2.75143263754
2.37771468883
3.32057864305
4.37809930421
3.38504259605
3.00062942469
4.11809930421
3.45820082705
3.54667073278
10074:
4.51114010417
3.8944734375
4.01114010417
3.88959217101
4.34668582688
3.64321557586
3.65156005167
4.2647859375
4.3444734375
3.82932192235
4.57027988911
4.48482431469
3.6144734375
4.79755400622
3.45431325443
10075:
2.11357423688
10076:
3.85952967033
3.77491428571
3.33855064935
4.53491428571
3.90348571428
3.34210178571
4.34333533834
10077:
4.60422858399
4.27345935322
3.7661333459
3.36415367763
4.11093807721
3.44002453826
4.05133003327
3.9249368211
4.12645080622
4.14012601989
2.57089525066
4.31605654098
3.92699281164
10078:
3.16119867045
2.32937007592
3.19766275885
3.38254647978
3.13559379333
3.14444638458
3.19739502123
3.55766275885
3.74051990171
3.34184880536
3.88240852156
3.59766275885
3.68857184976
3.74412740531
3.59766275885
2.98603048868
3.92397854832
3.96934417478
2.9736958167
2.56586063871
2.83575799695
3.13118231192
3.65736425139
3.38241612208
3.50474240487
3.69004151174
2.45480561599
3.06005213938
3.29463245582
3.81698094067
3.66016275885
3.1838696554
3.18412892426
3.19766275885
3.36689352808
3.30920122039
3.21304737423
4.14460153436
3.23402639521
3.28358573362
3.36954604797
2.56909133028
3.76857936809
2.50455931057
3.35063187999
3.22353688472
3.49421448299
3.15491466725
3.42876195456
3.05661798273
3.24962354316
3.07638616311
3.10206804519
3.18589805297
3.70599609218
3.06574786523
2.90489167451
3.45480561599
2.61276849903
3.1568025438
3.10956752075
3.34766275885
2.99282404917
3.62836451324
3.03516275885
3.15384253413
3.29766275885
3.30115113094
2.92774405966
3.95060393532
3.34766275885
2.99189352808
2.83658376078
3.33099609218
3.0156194152
3.31859299141
3.360947783
3.34766275885
3.35941824474
3.31939884565
3.41518100703
3.15123418742
2.85376031983
2.85190004699
3.38197648434
3.14483257017
4.1502943378
3.29331493276
3.66541343636
2.87825347615
3.49448815568
4.2075282297
2.94117420923
3.59766275885
3.2998686412
3.69602341459
3.35766275885
3.37023800969
3.54320731331
3.59766275885
3.23229845051
3.1916994561
3.48941533617
2.52358868478
3.36689352808
3.98402639521
3.39766275885
3.23828775885
4.23402639521
2.9424116173
3.01016275885
3.77623418742
4.45480561599
2.37747927261
3.24736335765
2.88099609218
2.87217256277
3.401918078
3.79915529616
2.868816605
3.12304346951
2.63612429731
2.87753182595
4.25942746473
2.8629688813
3.99766275885
3.06277903792
2.94033517264
3.33022089838
3.59191563241
3.38454800475
3.04394375059
3.22266275885
3.20570295986
3.78516275885
3.94101039833
3.34766275885
3.11940188928
3.5073401782
3.36570399596
3.53766275885
10079:
4.74336666667
4.04336666667
4.68439230769
4.5239392638
4.78295
4.18043831776
4.06929962049
3.99914897959
4.73559570552
3.90648056426
4.07143684211
5.0
4.9892
3.8279195122
4.45833265306
4.74033636364
4.06163150685
4.23634912281
5.0
4.60397272727
5.0
1008:
4.30685463918
3.9931753939
3.77540302628
2.89980335713
4.59871113121
4.62828321061
3.4864231671
3.49555125185
3.30185463918
3.64322802974
3.51518797251
3.70359376961
4.40185463918
3.55685463918
4.47153717886
4.43185463918
4.06821827554
3.55685463918
5.0
3.88185463918
4.68185463918
4.23160588296
4.18185463918
3.73130518863
3.72185463918
3.43766859267
3.46407987663
3.8451199453
2.91262386995
4.18185463918
3.89924594353
3.64435463918
3.37825398452
3.38013050125
3.63505660962
3.95268797251
2.27709273442
3.54693400426
4.5664700238
3.7590747164
10080:
4.71526555578
4.35777763308
4.53195180725
4.13289936836
4.59388874419
4.48476176006
4.86114755412
5.0
4.56537997226
4.27258536624
4.31768599505
5.0
4.59699068919
4.55222207752
4.03351459453
3.97189716777
4.17869266576
4.57667002705
5.0
4.89899627107
4.41986913634
4.28751619517
4.7804038957
4.56222207752
4.65449480479
4.80222207752
3.98132655513
4.75874381665
4.33163384223
4.06888874419
4.85936493466
4.80222207752
4.42722207752
3.62365064895
4.18231257526
4.19045737164
5.0
4.19072381968
5.0
4.26376053906
4.27590628805
4.27783183362
4.41091772969
4.4673014426
4.87154616764
5.0
4.61747134438
4.96888874419
4.49452976983
4.48643260384
4.63162568362
4.00222207752
4.69111096641
4.48183372801
3.79769719064
3.4909013228
4.77281031281
3.78616856581
4.50456321464
4.769964013
4.9769347212
4.30485365647
4.95606823137
3.75676753207
4.16535498891
4.03029225296
3.3595991267
3.93759325656
3.47964143236
3.90004816448
4.34276261806
4.58174963658
5.0
4.24046908947
4.58079350609
4.48853056972
4.81003457752
4.06309164274
4.73858571388
4.38555541085
4.68594300775
5.0
5.0
4.74666652196
4.25383498075
4.10222207752
4.24793636323
4.46888874419
3.57662355082
4.67043913178
4.29391949449
4.47625522669
4.77365064895
4.76719023039
4.40116200685
4.2894015647
4.64944429974
4.5177909398
4.77309586393
4.21131298661
4.59684779729
5.0
5.0
4.10391699277
5.0
4.51650779181
4.71293636323
4.71131298661
4.71711569454
4.85627613157
5.0
4.48632670529
4.6002990006
4.3513550255
3.85579350609
5.0
4.63555541085
4.15624892316
4.29313116843
4.32673188144
4.46888874419
4.96585844116
4.16919455458
4.80222207752
3.80222207752
4.58540791823
4.85160479357
4.13555541085
3.95606823137
4.01843829374
4.68222207752
5.0
4.77444429974
4.68222207752
4.03751619517
4.52222207752
4.3698788432
3.94507922038
4.57145284675
4.71302019959
5.0
4.32101907
4.40092757914
4.27097207752
4.20222207752
4.51426396234
4.6234511278
4.31504259034
4.37333563871
5.0
4.78751619517
4.90748523541
4.1849381269
5.0
3.80222207752
4.43049432883
3.96539834279
3.95429581024
4.89568002145
4.27949480479
4.88087376291
4.7546030299
3.88222207752
4.32853786699
4.07151600199
5.0
4.05222207752
4.26783054313
4.99452976983
4.36825981337
4.60222207752
4.75222207752
5.0
4.28261423438
4.78931885171
4.52949480479
4.37277422476
4.55222207752
RMSE: 0.889878925322
